<?xml version="1.0" encoding="UTF-8"?>
<!-- Generated by org.testng.reporters.JUnitReportReporter -->
<testsuite hostname="Shahnawaz-PC" name="com.ubique.thinkhr.Test.SanityTest1" tests="1" failures="0" timestamp="4 Dec 2015 09:37:47 GMT" time="59.203" errors="0">
  <testcase name="Login" time="59.203" classname="com.ubique.thinkhr.Test.SanityTest1"/>
</testsuite> <!-- com.ubique.thinkhr.Test.SanityTest1 -->
