<?xml version="1.0" encoding="UTF-8"?>
<!-- Generated by org.testng.reporters.JUnitReportReporter -->
<testsuite hostname="Shahnawaz-PC" name="com.ubique.thinkhr.Test.SanityTest" tests="1" failures="0" timestamp="27 Jan 2016 13:56:03 GMT" time="31.697" errors="0">
  <testcase name="Registration" time="31.697" classname="com.ubique.thinkhr.Test.SanityTest"/>
</testsuite> <!-- com.ubique.thinkhr.Test.SanityTest -->
